This file contains any messages produced by compilers while
running configure, to aid debugging if configure makes a mistake.

It was created by lj_mc_moldyn_interactive configure 1.0, which was
generated by GNU Autoconf 2.72.  Invocation command line was

  $ ./configure

## --------- ##
## Platform. ##
## --------- ##

hostname = sc-i3m-p062.home
uname -m = arm64
uname -r = 23.4.0
uname -s = Darwin
uname -v = Darwin Kernel Version 23.4.0: Wed Feb 21 21:51:37 PST 2024; root:xnu-10063.101.15~2/RELEASE_ARM64_T8112

/usr/bin/uname -p = arm
/bin/uname -X     = unknown

/bin/arch              = unknown
/usr/bin/arch -k       = unknown
/usr/convex/getsysinfo = unknown
/usr/bin/hostinfo      = Mach kernel version:
	 Darwin Kernel Version 23.4.0: Wed Feb 21 21:51:37 PST 2024; root:xnu-10063.101.15~2/RELEASE_ARM64_T8112
Kernel configured for up to 8 processors.
8 processors are physically available.
8 processors are logically available.
Processor type: arm64e (ARM64E)
Processors active: 0 1 2 3 4 5 6 7
Primary memory available: 16.00 gigabytes
Default processor set: 509 tasks, 3698 threads, 8 processors
Load average: 3.05, Mach factor: 5.30
/bin/machine           = unknown
/usr/bin/oslevel       = unknown
/bin/universe          = unknown

PATH: /Users/florentcalvayrac/miniconda3/bin/
PATH: /opt/homebrew/bin/
PATH: /opt/homebrew/sbin/
PATH: /usr/local/bin/
PATH: /System/Cryptexes/App/usr/bin/
PATH: /usr/bin/
PATH: /bin/
PATH: /usr/sbin/
PATH: /sbin/
PATH: /var/run/com.apple.security.cryptexd/codex.system/bootstrap/usr/local/bin/
PATH: /var/run/com.apple.security.cryptexd/codex.system/bootstrap/usr/bin/
PATH: /var/run/com.apple.security.cryptexd/codex.system/bootstrap/usr/appleinternal/bin/
PATH: /opt/X11/bin/
PATH: /Library/Apple/usr/bin/
PATH: /Library/TeX/texbin/


## ----------- ##
## Core tests. ##
## ----------- ##

configure:2791: looking for aux files: config.guess config.sub compile missing install-sh
configure:2804:  trying ./
configure:2833:   ./config.guess found
configure:2833:   ./config.sub found
configure:2833:   ./compile found
configure:2833:   ./missing found
configure:2815:   ./install-sh found
configure:2963: checking for a BSD-compatible install
configure:3037: result: /usr/bin/install -c
configure:3048: checking whether build environment is sane
configure:3103: result: yes
configure:3264: checking for a race-free mkdir -p
configure:3307: result: mkdir -p
configure:3314: checking for gawk
configure:3350: result: no
configure:3314: checking for mawk
configure:3350: result: no
configure:3314: checking for nawk
configure:3350: result: no
configure:3314: checking for awk
configure:3335: found /usr/bin/awk
configure:3347: result: awk
configure:3358: checking whether make sets $(MAKE)
configure:3382: result: yes
configure:3412: checking whether make supports nested variables
configure:3431: result: yes
configure:3584: checking whether make supports the include directive
configure:3599: make -f confmf.GNU && cat confinc.out
this is the am__doit target
configure:3602: $? = 0
configure:3621: result: yes (GNU style)
configure:3698: checking for gcc
configure:3719: found /usr/bin/gcc
configure:3731: result: gcc
configure:4090: checking for C compiler version
configure:4099: gcc --version >&5
Apple clang version 15.0.0 (clang-1500.3.9.4)
Target: arm64-apple-darwin23.4.0
Thread model: posix
InstalledDir: /Applications/Xcode.app/Contents/Developer/Toolchains/XcodeDefault.xctoolchain/usr/bin
configure:4110: $? = 0
configure:4099: gcc -v >&5
Apple clang version 15.0.0 (clang-1500.3.9.4)
Target: arm64-apple-darwin23.4.0
Thread model: posix
InstalledDir: /Applications/Xcode.app/Contents/Developer/Toolchains/XcodeDefault.xctoolchain/usr/bin
configure:4110: $? = 0
configure:4099: gcc -V >&5
clang: error: argument to '-V' is missing (expected 1 value)
clang: error: no input files
configure:4110: $? = 1
configure:4099: gcc -qversion >&5
clang: error: unknown argument '-qversion'; did you mean '--version'?
clang: error: no input files
configure:4110: $? = 1
configure:4099: gcc -version >&5
clang: error: unknown argument '-version'; did you mean '--version'?
clang: error: no input files
configure:4110: $? = 1
configure:4130: checking whether the C compiler works
configure:4152: gcc    conftest.c  >&5
configure:4156: $? = 0
configure:4207: result: yes
configure:4211: checking for C compiler default output file name
configure:4213: result: a.out
configure:4219: checking for suffix of executables
configure:4226: gcc -o conftest    conftest.c  >&5
configure:4230: $? = 0
configure:4254: result: 
configure:4278: checking whether we are cross compiling
configure:4286: gcc -o conftest    conftest.c  >&5
configure:4290: $? = 0
configure:4297: ./conftest
configure:4301: $? = 0
configure:4316: result: no
configure:4322: checking for suffix of object files
configure:4345: gcc -c   conftest.c >&5
configure:4349: $? = 0
configure:4373: result: o
configure:4377: checking whether the compiler supports GNU C
configure:4397: gcc -c   conftest.c >&5
configure:4397: $? = 0
configure:4409: result: yes
configure:4420: checking whether gcc accepts -g
configure:4441: gcc -c -g  conftest.c >&5
configure:4441: $? = 0
configure:4488: result: yes
configure:4508: checking for gcc option to enable C11 features
configure:4523: gcc  -c -g -O2  conftest.c >&5
configure:4523: $? = 0
configure:4542: result: none needed
configure:4666: checking whether gcc understands -c and -o together
configure:4689: gcc -c conftest.c -o conftest2.o
configure:4692: $? = 0
configure:4689: gcc -c conftest.c -o conftest2.o
configure:4692: $? = 0
configure:4705: result: yes
configure:4724: checking dependency style of gcc
configure:4837: result: gcc3
configure:4853: checking for glutMainLoop in -lglut
configure:4882: gcc -o conftest -g -O2   conftest.c -lglut   >&5
configure:4882: $? = 0
configure:4894: result: yes
configure:4967: checking for pkg-config
configure:4990: found /opt/homebrew/bin/pkg-config
configure:5003: result: /opt/homebrew/bin/pkg-config
configure:5028: checking pkg-config is at least version 0.9.0
configure:5031: result: yes
configure:5041: checking for glut
configure:5048: $PKG_CONFIG --exists --print-errors "glut"
configure:5051: $? = 0
configure:5065: $PKG_CONFIG --exists --print-errors "glut"
configure:5068: $? = 0
configure:5106: result: yes
configure:5167: checking for gcc
configure:5200: result: gcc
configure:5559: checking for C compiler version
configure:5568: gcc --version >&5
Apple clang version 15.0.0 (clang-1500.3.9.4)
Target: arm64-apple-darwin23.4.0
Thread model: posix
InstalledDir: /Applications/Xcode.app/Contents/Developer/Toolchains/XcodeDefault.xctoolchain/usr/bin
configure:5579: $? = 0
configure:5568: gcc -v >&5
Apple clang version 15.0.0 (clang-1500.3.9.4)
Target: arm64-apple-darwin23.4.0
Thread model: posix
InstalledDir: /Applications/Xcode.app/Contents/Developer/Toolchains/XcodeDefault.xctoolchain/usr/bin
configure:5579: $? = 0
configure:5568: gcc -V >&5
clang: error: argument to '-V' is missing (expected 1 value)
clang: error: no input files
configure:5579: $? = 1
configure:5568: gcc -qversion >&5
clang: error: unknown argument '-qversion'; did you mean '--version'?
clang: error: no input files
configure:5579: $? = 1
configure:5568: gcc -version >&5
clang: error: unknown argument '-version'; did you mean '--version'?
clang: error: no input files
configure:5579: $? = 1
configure:5583: checking whether the compiler supports GNU C
configure:5615: result: yes
configure:5626: checking whether gcc accepts -g
configure:5694: result: yes
configure:5714: checking for gcc option to enable C11 features
configure:5748: result: none needed
configure:5872: checking whether gcc understands -c and -o together
configure:5911: result: yes
configure:5930: checking dependency style of gcc
configure:6043: result: gcc3
configure:6128: checking for g++
configure:6149: found /usr/bin/g++
configure:6161: result: g++
configure:6188: checking for C++ compiler version
configure:6197: g++ --version >&5
Apple clang version 15.0.0 (clang-1500.3.9.4)
Target: arm64-apple-darwin23.4.0
Thread model: posix
InstalledDir: /Applications/Xcode.app/Contents/Developer/Toolchains/XcodeDefault.xctoolchain/usr/bin
configure:6208: $? = 0
configure:6197: g++ -v >&5
Apple clang version 15.0.0 (clang-1500.3.9.4)
Target: arm64-apple-darwin23.4.0
Thread model: posix
InstalledDir: /Applications/Xcode.app/Contents/Developer/Toolchains/XcodeDefault.xctoolchain/usr/bin
configure:6208: $? = 0
configure:6197: g++ -V >&5
clang: error: argument to '-V' is missing (expected 1 value)
clang: error: no input files
configure:6208: $? = 1
configure:6197: g++ -qversion >&5
clang: error: unknown argument '-qversion'; did you mean '--version'?
clang: error: no input files
configure:6208: $? = 1
configure:6212: checking whether the compiler supports GNU C++
configure:6232: g++ -c   conftest.cpp >&5
configure:6232: $? = 0
configure:6244: result: yes
configure:6255: checking whether g++ accepts -g
configure:6276: g++ -c -g  conftest.cpp >&5
configure:6276: $? = 0
configure:6323: result: yes
configure:6343: checking for g++ option to enable C++11 features
configure:6358: g++  -c -g -O2  conftest.cpp >&5
conftest.cpp:58:3: error: "Compiler does not advertise C++11 conformance"
# error "Compiler does not advertise C++11 conformance"
  ^
conftest.cpp:63:3: error: unknown type name 'constexpr'
  constexpr int get_val() { return 20; }
  ^
conftest.cpp:75:17: error: delegating constructors are permitted only in C++11
    delegate(): delegate(2354) {}
                ^~~~~~~~
conftest.cpp:86:26: warning: 'override' keyword is a C++11 extension [-Wc++11-extensions]
    virtual int getval() override final { return this->n * 2; }
                         ^
conftest.cpp:86:35: warning: 'final' keyword is a C++11 extension [-Wc++11-extensions]
    virtual int getval() override final { return this->n * 2; }
                                  ^
conftest.cpp:93:16: warning: defaulted function definitions are a C++11 extension [-Wc++11-extensions]
    nocopy() = default;
               ^
conftest.cpp:94:29: warning: deleted function definitions are a C++11 extension [-Wc++11-extensions]
    nocopy(const nocopy&) = delete;
                            ^
conftest.cpp:95:41: warning: deleted function definitions are a C++11 extension [-Wc++11-extensions]
    nocopy & operator=(const nocopy&) = delete;
                                        ^
conftest.cpp:107:25: warning: 'auto' type specifier is a C++11 extension [-Wc++11-extensions]
  template <typename V> auto sum(V first) -> V
                        ^
conftest.cpp:107:25: error: 'auto' not allowed in function return type
  template <typename V> auto sum(V first) -> V
                        ^~~~
conftest.cpp:107:42: error: expected ';' at end of declaration
  template <typename V> auto sum(V first) -> V
                                         ^
                                         ;
conftest.cpp:107:43: error: cannot use arrow operator on a type
  template <typename V> auto sum(V first) -> V
                                          ^
conftest.cpp:111:33: warning: variadic templates are a C++11 extension [-Wc++11-extensions]
  template <typename V, typename... Args> auto sum(V first, Args... rest) -> V
                                ^
conftest.cpp:111:43: warning: 'auto' type specifier is a C++11 extension [-Wc++11-extensions]
  template <typename V, typename... Args> auto sum(V first, Args... rest) -> V
                                          ^
conftest.cpp:111:43: error: 'auto' not allowed in function return type
  template <typename V, typename... Args> auto sum(V first, Args... rest) -> V
                                          ^~~~
conftest.cpp:111:74: error: expected ';' at end of declaration
  template <typename V, typename... Args> auto sum(V first, Args... rest) -> V
                                                                         ^
                                                                         ;
conftest.cpp:111:75: error: cannot use arrow operator on a type
  template <typename V, typename... Args> auto sum(V first, Args... rest) -> V
                                                                          ^
conftest.cpp:135:3: warning: 'auto' type specifier is a C++11 extension [-Wc++11-extensions]
  auto a1 = 6538;
  ^
conftest.cpp:136:3: warning: 'auto' type specifier is a C++11 extension [-Wc++11-extensions]
  auto a2 = 48573953.4;
  ^
conftest.cpp:137:3: warning: 'auto' type specifier is a C++11 extension [-Wc++11-extensions]
  auto a3 = "String literal";
  ^
conftest.cpp:140:8: warning: 'auto' type specifier is a C++11 extension [-Wc++11-extensions]
  for (auto i = a3; *i; ++i) { total += *i; }
       ^
conftest.cpp:156:8: warning: 'auto' type specifier is a C++11 extension [-Wc++11-extensions]
  for (auto &x : array) { x += 23; }
       ^
conftest.cpp:156:16: warning: range-based for loop is a C++11 extension [-Wc++11-extensions]
  for (auto &x : array) { x += 23; }
               ^
conftest.cpp:161:17: error: expected expression
  assert (eval ([](int x) { return x*2; }, 21) == 42);
                ^
conftest.cpp:163:17: error: expected expression
  assert (eval ([&](double x) { return d += x; }, 3.0) == 5.0);
                ^
conftest.cpp:165:17: error: expected expression
  assert (eval ([=](double x) mutable { return d += x; }, 4.0) == 9.0);
                ^
conftest.cpp:171:3: warning: 'auto' type specifier is a C++11 extension [-Wc++11-extensions]
  auto a = sum(1);
  ^
conftest.cpp:171:12: error: no matching function for call to 'sum'
  auto a = sum(1);
           ^~~
conftest.cpp:172:3: warning: 'auto' type specifier is a C++11 extension [-Wc++11-extensions]
  auto b = sum(1, 2);
  ^
conftest.cpp:172:12: error: no matching function for call to 'sum'
  auto b = sum(1, 2);
           ^~~
conftest.cpp:173:3: warning: 'auto' type specifier is a C++11 extension [-Wc++11-extensions]
  auto c = sum(1.0, 2.0, 3.0);
  ^
conftest.cpp:173:12: error: no matching function for call to 'sum'
  auto c = sum(1.0, 2.0, 3.0);
           ^~~
conftest.cpp:178:25: warning: empty parentheses interpreted as a function declaration [-Wvexing-parse]
  cxx11test::delegate d2();
                        ^~
conftest.cpp:178:25: note: remove parentheses to declare a variable
  cxx11test::delegate d2();
                        ^~
conftest.cpp:191:16: error: found '<::' after a template name which forms the digraph '<:' (aka '[') and a ':', did you mean '< ::'?
  test_template<::test_template<int>> v(test_template<int>(12));
               ^~~
               < ::
conftest.cpp:191:36: error: a space is required between consecutive right angle brackets (use '> >')
  test_template<::test_template<int>> v(test_template<int>(12));
                                   ^~
                                   > >
conftest.cpp:195:22: error: use of undeclared identifier 'u8'
  char const *utf8 = u8"UTF-8 string \u2500";
                     ^
conftest.cpp:195:24: error: expected ';' at end of declaration
  char const *utf8 = u8"UTF-8 string \u2500";
                       ^
                       ;
fatal error: too many errors emitted, stopping now [-ferror-limit=]
18 warnings and 20 errors generated.
configure:6358: $? = 1
configure: failed program was:
| /* confdefs.h */
| #define PACKAGE_NAME "lj_mc_moldyn_interactive"
| #define PACKAGE_TARNAME "lj_mc_moldyn_interactive"
| #define PACKAGE_VERSION "1.0"
| #define PACKAGE_STRING "lj_mc_moldyn_interactive 1.0"
| #define PACKAGE_BUGREPORT "florent.calvayrac@univ-lemans.fr"
| #define PACKAGE_URL ""
| #define PACKAGE "lj_mc_moldyn_interactive"
| #define VERSION "1.0"
| #define HAVE_LIBGLUT 1
| /* end confdefs.h.  */
| 
| // Does the compiler advertise C++98 conformance?
| #if !defined __cplusplus || __cplusplus < 199711L
| # error "Compiler does not advertise C++98 conformance"
| #endif
| 
| // These inclusions are to reject old compilers that
| // lack the unsuffixed header files.
| #include <cstdlib>
| #include <exception>
| 
| // <cassert> and <cstring> are *not* freestanding headers in C++98.
| extern void assert (int);
| namespace std {
|   extern int strcmp (const char *, const char *);
| }
| 
| // Namespaces, exceptions, and templates were all added after "C++ 2.0".
| using std::exception;
| using std::strcmp;
| 
| namespace {
| 
| void test_exception_syntax()
| {
|   try {
|     throw "test";
|   } catch (const char *s) {
|     // Extra parentheses suppress a warning when building autoconf itself,
|     // due to lint rules shared with more typical C programs.
|     assert (!(strcmp) (s, "test"));
|   }
| }
| 
| template <typename T> struct test_template
| {
|   T const val;
|   explicit test_template(T t) : val(t) {}
|   template <typename U> T add(U u) { return static_cast<T>(u) + val; }
| };
| 
| } // anonymous namespace
| 
| 
| // Does the compiler advertise C++ 2011 conformance?
| #if !defined __cplusplus || __cplusplus < 201103L
| # error "Compiler does not advertise C++11 conformance"
| #endif
| 
| namespace cxx11test
| {
|   constexpr int get_val() { return 20; }
| 
|   struct testinit
|   {
|     int i;
|     double d;
|   };
| 
|   class delegate
|   {
|   public:
|     delegate(int n) : n(n) {}
|     delegate(): delegate(2354) {}
| 
|     virtual int getval() { return this->n; };
|   protected:
|     int n;
|   };
| 
|   class overridden : public delegate
|   {
|   public:
|     overridden(int n): delegate(n) {}
|     virtual int getval() override final { return this->n * 2; }
|   };
| 
|   class nocopy
|   {
|   public:
|     nocopy(int i): i(i) {}
|     nocopy() = default;
|     nocopy(const nocopy&) = delete;
|     nocopy & operator=(const nocopy&) = delete;
|   private:
|     int i;
|   };
| 
|   // for testing lambda expressions
|   template <typename Ret, typename Fn> Ret eval(Fn f, Ret v)
|   {
|     return f(v);
|   }
| 
|   // for testing variadic templates and trailing return types
|   template <typename V> auto sum(V first) -> V
|   {
|     return first;
|   }
|   template <typename V, typename... Args> auto sum(V first, Args... rest) -> V
|   {
|     return first + sum(rest...);
|   }
| }
| 
| 
| int
| main (int argc, char **argv)
| {
|   int ok = 0;
|   
|   assert (argc);
|   assert (! argv[0]);
| {
|   test_exception_syntax ();
|   test_template<double> tt (2.0);
|   assert (tt.add (4) == 6.0);
|   assert (true && !false);
| }
| 
|   
| {
|   // Test auto and decltype
|   auto a1 = 6538;
|   auto a2 = 48573953.4;
|   auto a3 = "String literal";
| 
|   int total = 0;
|   for (auto i = a3; *i; ++i) { total += *i; }
| 
|   decltype(a2) a4 = 34895.034;
| }
| {
|   // Test constexpr
|   short sa[cxx11test::get_val()] = { 0 };
| }
| {
|   // Test initializer lists
|   cxx11test::testinit il = { 4323, 435234.23544 };
| }
| {
|   // Test range-based for
|   int array[] = {9, 7, 13, 15, 4, 18, 12, 10, 5, 3,
|                  14, 19, 17, 8, 6, 20, 16, 2, 11, 1};
|   for (auto &x : array) { x += 23; }
| }
| {
|   // Test lambda expressions
|   using cxx11test::eval;
|   assert (eval ([](int x) { return x*2; }, 21) == 42);
|   double d = 2.0;
|   assert (eval ([&](double x) { return d += x; }, 3.0) == 5.0);
|   assert (d == 5.0);
|   assert (eval ([=](double x) mutable { return d += x; }, 4.0) == 9.0);
|   assert (d == 5.0);
| }
| {
|   // Test use of variadic templates
|   using cxx11test::sum;
|   auto a = sum(1);
|   auto b = sum(1, 2);
|   auto c = sum(1.0, 2.0, 3.0);
| }
| {
|   // Test constructor delegation
|   cxx11test::delegate d1;
|   cxx11test::delegate d2();
|   cxx11test::delegate d3(45);
| }
| {
|   // Test override and final
|   cxx11test::overridden o1(55464);
| }
| {
|   // Test nullptr
|   char *c = nullptr;
| }
| {
|   // Test template brackets
|   test_template<::test_template<int>> v(test_template<int>(12));
| }
| {
|   // Unicode literals
|   char const *utf8 = u8"UTF-8 string \u2500";
|   char16_t const *utf16 = u"UTF-8 string \u2500";
|   char32_t const *utf32 = U"UTF-32 string \u2500";
| }
| 
|   return ok;
| }
| 
configure:6358: g++ -std=gnu++11 -c -g -O2  conftest.cpp >&5
conftest.cpp:178:25: warning: empty parentheses interpreted as a function declaration [-Wvexing-parse]
  cxx11test::delegate d2();
                        ^~
conftest.cpp:178:25: note: remove parentheses to declare a variable
  cxx11test::delegate d2();
                        ^~
1 warning generated.
configure:6358: $? = 0
configure:6380: result: -std=gnu++11
configure:6448: checking dependency style of g++ -std=gnu++11
configure:6561: result: gcc3
configure:6635: checking for g77
configure:6671: result: no
configure:6635: checking for xlf
configure:6671: result: no
configure:6635: checking for f77
configure:6671: result: no
configure:6635: checking for frt
configure:6671: result: no
configure:6635: checking for pgf77
configure:6671: result: no
configure:6635: checking for cf77
configure:6671: result: no
configure:6635: checking for fort77
configure:6671: result: no
configure:6635: checking for fl32
configure:6671: result: no
configure:6635: checking for af77
configure:6671: result: no
configure:6635: checking for xlf90
configure:6671: result: no
configure:6635: checking for f90
configure:6671: result: no
configure:6635: checking for pgf90
configure:6671: result: no
configure:6635: checking for pghpf
configure:6671: result: no
configure:6635: checking for epcf90
configure:6671: result: no
configure:6635: checking for gfortran
configure:6656: found /opt/homebrew/bin/gfortran
configure:6668: result: gfortran
configure:6694: checking for Fortran 77 compiler version
configure:6703: gfortran --version >&5
GNU Fortran (Homebrew GCC 13.2.0) 13.2.0
Copyright (C) 2023 Free Software Foundation, Inc.
This is free software; see the source for copying conditions.  There is NO
warranty; not even for MERCHANTABILITY or FITNESS FOR A PARTICULAR PURPOSE.

configure:6714: $? = 0
configure:6703: gfortran -v >&5
Using built-in specs.
COLLECT_GCC=gfortran
COLLECT_LTO_WRAPPER=/opt/homebrew/Cellar/gcc/13.2.0/bin/../libexec/gcc/aarch64-apple-darwin21/13/lto-wrapper
Target: aarch64-apple-darwin21
Configured with: ../configure --prefix=/opt/homebrew/opt/gcc --libdir=/opt/homebrew/opt/gcc/lib/gcc/current --disable-nls --enable-checking=release --with-gcc-major-version-only --enable-languages=c,c++,objc,obj-c++,fortran --program-suffix=-13 --with-gmp=/opt/homebrew/opt/gmp --with-mpfr=/opt/homebrew/opt/mpfr --with-mpc=/opt/homebrew/opt/libmpc --with-isl=/opt/homebrew/opt/isl --with-zstd=/opt/homebrew/opt/zstd --with-pkgversion='Homebrew GCC 13.2.0' --with-bugurl=https://github.com/Homebrew/homebrew-core/issues --with-system-zlib --build=aarch64-apple-darwin21 --with-sysroot=/Library/Developer/CommandLineTools/SDKs/MacOSX12.sdk
Thread model: posix
Supported LTO compression algorithms: zlib zstd
gcc version 13.2.0 (Homebrew GCC 13.2.0) 
configure:6714: $? = 0
configure:6703: gfortran -V >&5
gfortran: error: unrecognized command-line option '-V'
gfortran: fatal error: no input files
compilation terminated.
configure:6714: $? = 1
configure:6703: gfortran -qversion >&5
gfortran: error: unrecognized command-line option '-qversion'; did you mean '--version'?
gfortran: fatal error: no input files
compilation terminated.
configure:6714: $? = 1
configure:6723: checking whether the compiler supports GNU Fortran 77
configure:6737: gfortran -c  conftest.F >&5
configure:6737: $? = 0
configure:6749: result: yes
configure:6757: checking whether gfortran accepts -g
configure:6769: gfortran -c -g conftest.f >&5
configure:6769: $? = 0
configure:6780: result: yes
configure:6868: checking for gfortran
configure:6889: found /opt/homebrew/bin/gfortran
configure:6901: result: gfortran
configure:6927: checking for Fortran compiler version
configure:6936: gfortran --version >&5
GNU Fortran (Homebrew GCC 13.2.0) 13.2.0
Copyright (C) 2023 Free Software Foundation, Inc.
This is free software; see the source for copying conditions.  There is NO
warranty; not even for MERCHANTABILITY or FITNESS FOR A PARTICULAR PURPOSE.

configure:6947: $? = 0
configure:6936: gfortran -v >&5
Using built-in specs.
COLLECT_GCC=gfortran
COLLECT_LTO_WRAPPER=/opt/homebrew/Cellar/gcc/13.2.0/bin/../libexec/gcc/aarch64-apple-darwin21/13/lto-wrapper
Target: aarch64-apple-darwin21
Configured with: ../configure --prefix=/opt/homebrew/opt/gcc --libdir=/opt/homebrew/opt/gcc/lib/gcc/current --disable-nls --enable-checking=release --with-gcc-major-version-only --enable-languages=c,c++,objc,obj-c++,fortran --program-suffix=-13 --with-gmp=/opt/homebrew/opt/gmp --with-mpfr=/opt/homebrew/opt/mpfr --with-mpc=/opt/homebrew/opt/libmpc --with-isl=/opt/homebrew/opt/isl --with-zstd=/opt/homebrew/opt/zstd --with-pkgversion='Homebrew GCC 13.2.0' --with-bugurl=https://github.com/Homebrew/homebrew-core/issues --with-system-zlib --build=aarch64-apple-darwin21 --with-sysroot=/Library/Developer/CommandLineTools/SDKs/MacOSX12.sdk
Thread model: posix
Supported LTO compression algorithms: zlib zstd
gcc version 13.2.0 (Homebrew GCC 13.2.0) 
configure:6947: $? = 0
configure:6936: gfortran -V >&5
gfortran: error: unrecognized command-line option '-V'
gfortran: fatal error: no input files
compilation terminated.
configure:6947: $? = 1
configure:6936: gfortran -qversion >&5
gfortran: error: unrecognized command-line option '-qversion'; did you mean '--version'?
gfortran: fatal error: no input files
compilation terminated.
configure:6947: $? = 1
configure:6956: checking whether the compiler supports GNU Fortran
configure:6970: gfortran -c   conftest.F >&5
configure:6970: $? = 0
configure:6982: result: yes
configure:6990: checking whether gfortran accepts -g
configure:7002: gfortran -c -g  conftest.f >&5
configure:7002: $? = 0
configure:7013: result: yes
configure:7045: checking for sin in -lm
configure:7074: gcc -o conftest -g -O2   conftest.c -lm  -lglut  >&5
conftest.c:22:6: warning: incompatible redeclaration of library function 'sin' [-Wincompatible-library-redeclaration]
char sin (void);
     ^
conftest.c:22:6: note: 'sin' is a builtin with type 'double (double)'
1 warning generated.
configure:7074: $? = 0
configure:7086: result: yes
configure:7099: checking for glutInit in -lglut
configure:7128: gcc -o conftest -g -O2   conftest.c -lglut  -lm -lglut  >&5
ld: warning: ignoring duplicate libraries: '-lglut'
configure:7128: $? = 0
configure:7140: result: yes
configure:7153: checking for gluLookAt in -lGLU
configure:7182: gcc -o conftest -g -O2   conftest.c -lGLU  -lglut -lm -lglut  >&5
ld: warning: ignoring duplicate libraries: '-lglut'
configure:7182: $? = 0
configure:7194: result: yes
configure:7207: checking for glBegin in -lGL
configure:7236: gcc -o conftest -g -O2   conftest.c -lGL  -lGLU -lglut -lm -lglut  >&5
ld: warning: ignoring duplicate libraries: '-lglut'
configure:7236: $? = 0
configure:7248: result: yes
configure:7261: checking for XmuClientWindow in -lXmu
configure:7290: gcc -o conftest -g -O2   conftest.c -lXmu  -lGL -lGLU -lglut -lm -lglut  >&5
ld: warning: ignoring duplicate libraries: '-lglut'
configure:7290: $? = 0
configure:7302: result: yes
configure:7321: checking for stdio.h
configure:7321: gcc -c -g -O2  conftest.c >&5
configure:7321: $? = 0
configure:7321: result: yes
configure:7321: checking for stdlib.h
configure:7321: gcc -c -g -O2  conftest.c >&5
configure:7321: $? = 0
configure:7321: result: yes
configure:7321: checking for string.h
configure:7321: gcc -c -g -O2  conftest.c >&5
configure:7321: $? = 0
configure:7321: result: yes
configure:7321: checking for inttypes.h
configure:7321: gcc -c -g -O2  conftest.c >&5
configure:7321: $? = 0
configure:7321: result: yes
configure:7321: checking for stdint.h
configure:7321: gcc -c -g -O2  conftest.c >&5
configure:7321: $? = 0
configure:7321: result: yes
configure:7321: checking for strings.h
configure:7321: gcc -c -g -O2  conftest.c >&5
configure:7321: $? = 0
configure:7321: result: yes
configure:7321: checking for sys/stat.h
configure:7321: gcc -c -g -O2  conftest.c >&5
configure:7321: $? = 0
configure:7321: result: yes
configure:7321: checking for sys/types.h
configure:7321: gcc -c -g -O2  conftest.c >&5
configure:7321: $? = 0
configure:7321: result: yes
configure:7321: checking for unistd.h
configure:7321: gcc -c -g -O2  conftest.c >&5
configure:7321: $? = 0
configure:7321: result: yes
configure:7346: checking for stdlib.h
configure:7346: result: yes
configure:7352: checking for stdio.h
configure:7352: result: yes
configure:7361: checking for size_t
configure:7361: gcc -c -g -O2  conftest.c >&5
configure:7361: $? = 0
configure:7361: gcc -c -g -O2  conftest.c >&5
conftest.c:60:21: error: expected expression
if (sizeof ((size_t)))
                    ^
1 error generated.
configure:7361: $? = 1
configure: failed program was:
| /* confdefs.h */
| #define PACKAGE_NAME "lj_mc_moldyn_interactive"
| #define PACKAGE_TARNAME "lj_mc_moldyn_interactive"
| #define PACKAGE_VERSION "1.0"
| #define PACKAGE_STRING "lj_mc_moldyn_interactive 1.0"
| #define PACKAGE_BUGREPORT "florent.calvayrac@univ-lemans.fr"
| #define PACKAGE_URL ""
| #define PACKAGE "lj_mc_moldyn_interactive"
| #define VERSION "1.0"
| #define HAVE_LIBGLUT 1
| #define HAVE_LIBM 1
| #define HAVE_LIBGLUT 1
| #define HAVE_LIBGLU 1
| #define HAVE_LIBGL 1
| #define HAVE_LIBXMU 1
| #define HAVE_STDIO_H 1
| #define HAVE_STDLIB_H 1
| #define HAVE_STRING_H 1
| #define HAVE_INTTYPES_H 1
| #define HAVE_STDINT_H 1
| #define HAVE_STRINGS_H 1
| #define HAVE_SYS_STAT_H 1
| #define HAVE_SYS_TYPES_H 1
| #define HAVE_UNISTD_H 1
| #define STDC_HEADERS 1
| #define HAVE_STDLIB_H 1
| #define HAVE_STDIO_H 1
| /* end confdefs.h.  */
| #include <stddef.h>
| #ifdef HAVE_STDIO_H
| # include <stdio.h>
| #endif
| #ifdef HAVE_STDLIB_H
| # include <stdlib.h>
| #endif
| #ifdef HAVE_STRING_H
| # include <string.h>
| #endif
| #ifdef HAVE_INTTYPES_H
| # include <inttypes.h>
| #endif
| #ifdef HAVE_STDINT_H
| # include <stdint.h>
| #endif
| #ifdef HAVE_STRINGS_H
| # include <strings.h>
| #endif
| #ifdef HAVE_SYS_TYPES_H
| # include <sys/types.h>
| #endif
| #ifdef HAVE_SYS_STAT_H
| # include <sys/stat.h>
| #endif
| #ifdef HAVE_UNISTD_H
| # include <unistd.h>
| #endif
| int
| main (void)
| {
| if (sizeof ((size_t)))
| 	    return 0;
|   ;
|   return 0;
| }
configure:7361: result: yes
configure:7380: checking build system type
configure:7396: result: aarch64-apple-darwin23.4.0
configure:7416: checking host system type
configure:7431: result: aarch64-apple-darwin23.4.0
configure:7451: checking for GNU libc compatible malloc
configure:7483: gcc -o conftest -g -O2   conftest.c -lXmu -lGL -lGLU -lglut -lm -lglut  >&5
ld: warning: ignoring duplicate libraries: '-lglut'
configure:7483: $? = 0
configure:7483: ./conftest
configure:7483: $? = 0
configure:7497: result: yes
configure:7520: checking for memset
configure:7520: gcc -o conftest -g -O2   conftest.c -lXmu -lGL -lGLU -lglut -lm -lglut  >&5
conftest.c:46:6: warning: incompatible redeclaration of library function 'memset' [-Wincompatible-library-redeclaration]
char memset (void);
     ^
conftest.c:46:6: note: 'memset' is a builtin with type 'void *(void *, int, unsigned long)'
1 warning generated.
ld: warning: ignoring duplicate libraries: '-lglut'
configure:7520: $? = 0
configure:7520: result: yes
configure:7639: checking that generated files are newer than configure
configure:7645: result: done
configure:7676: creating ./config.status

## ---------------------- ##
## Running config.status. ##
## ---------------------- ##

This file was extended by lj_mc_moldyn_interactive config.status 1.0, which was
generated by GNU Autoconf 2.72.  Invocation command line was

  CONFIG_FILES    = 
  CONFIG_HEADERS  = 
  CONFIG_LINKS    = 
  CONFIG_COMMANDS = 
  $ ./config.status 

on sc-i3m-p062.home

config.status:884: creating Makefile
config.status:884: creating config.h
config.status:1113: executing depfiles commands
config.status:1190: cd .       && sed -e '/# am--include-marker/d' Makefile         | make -f - am--depfiles
make: Nothing to be done for `am--depfiles'.
config.status:1195: $? = 0

## ---------------- ##
## Cache variables. ##
## ---------------- ##

ac_cv_build=aarch64-apple-darwin23.4.0
ac_cv_c_compiler_gnu=yes
ac_cv_cxx_compiler_gnu=yes
ac_cv_env_CCC_set=
ac_cv_env_CCC_value=
ac_cv_env_CC_set=
ac_cv_env_CC_value=
ac_cv_env_CFLAGS_set=
ac_cv_env_CFLAGS_value=
ac_cv_env_CPPFLAGS_set=
ac_cv_env_CPPFLAGS_value=
ac_cv_env_CXXFLAGS_set=
ac_cv_env_CXXFLAGS_value=
ac_cv_env_CXX_set=
ac_cv_env_CXX_value=
ac_cv_env_F77_set=
ac_cv_env_F77_value=
ac_cv_env_FCFLAGS_set=
ac_cv_env_FCFLAGS_value=
ac_cv_env_FC_set=
ac_cv_env_FC_value=
ac_cv_env_FFLAGS_set=
ac_cv_env_FFLAGS_value=
ac_cv_env_GLUT_CFLAGS_set=
ac_cv_env_GLUT_CFLAGS_value=
ac_cv_env_GLUT_LIBS_set=
ac_cv_env_GLUT_LIBS_value=
ac_cv_env_LDFLAGS_set=
ac_cv_env_LDFLAGS_value=
ac_cv_env_LIBS_set=
ac_cv_env_LIBS_value=
ac_cv_env_PKG_CONFIG_LIBDIR_set=
ac_cv_env_PKG_CONFIG_LIBDIR_value=
ac_cv_env_PKG_CONFIG_PATH_set=
ac_cv_env_PKG_CONFIG_PATH_value=
ac_cv_env_PKG_CONFIG_set=
ac_cv_env_PKG_CONFIG_value=
ac_cv_env_build_alias_set=
ac_cv_env_build_alias_value=
ac_cv_env_host_alias_set=
ac_cv_env_host_alias_value=
ac_cv_env_target_alias_set=
ac_cv_env_target_alias_value=
ac_cv_f77_compiler_gnu=yes
ac_cv_fc_compiler_gnu=yes
ac_cv_func_malloc_0_nonnull=yes
ac_cv_func_memset=yes
ac_cv_header_inttypes_h=yes
ac_cv_header_stdint_h=yes
ac_cv_header_stdio_h=yes
ac_cv_header_stdlib_h=yes
ac_cv_header_string_h=yes
ac_cv_header_strings_h=yes
ac_cv_header_sys_stat_h=yes
ac_cv_header_sys_types_h=yes
ac_cv_header_unistd_h=yes
ac_cv_host=aarch64-apple-darwin23.4.0
ac_cv_lib_GLU_gluLookAt=yes
ac_cv_lib_GL_glBegin=yes
ac_cv_lib_Xmu_XmuClientWindow=yes
ac_cv_lib_glut_glutInit=yes
ac_cv_lib_glut_glutMainLoop=yes
ac_cv_lib_m_sin=yes
ac_cv_objext=o
ac_cv_path_ac_pt_PKG_CONFIG=/opt/homebrew/bin/pkg-config
ac_cv_path_install='/usr/bin/install -c'
ac_cv_prog_AWK=awk
ac_cv_prog_ac_ct_CC=gcc
ac_cv_prog_ac_ct_CXX=g++
ac_cv_prog_ac_ct_F77=gfortran
ac_cv_prog_ac_ct_FC=gfortran
ac_cv_prog_cc_c11=
ac_cv_prog_cc_g=yes
ac_cv_prog_cc_stdc=
ac_cv_prog_cxx_cxx11=-std=gnu++11
ac_cv_prog_cxx_g=yes
ac_cv_prog_cxx_stdcxx=-std=gnu++11
ac_cv_prog_f77_g=yes
ac_cv_prog_fc_g=yes
ac_cv_prog_make_make_set=yes
ac_cv_type_size_t=yes
am_cv_CC_dependencies_compiler_type=gcc3
am_cv_CXX_dependencies_compiler_type=gcc3
am_cv_make_support_nested_variables=yes
am_cv_prog_cc_c_o=yes
pkg_cv_GLUT_CFLAGS='-DFREEGLUT_STATIC -I/opt/homebrew/Cellar/freeglut/3.4.0/include'
pkg_cv_GLUT_LIBS='-L/opt/homebrew/Cellar/freeglut/3.4.0/lib -lglut'

## ----------------- ##
## Output variables. ##
## ----------------- ##

ACLOCAL='${SHELL} '\''/Users/florentcalvayrac/mcmaster/newg/missing'\'' aclocal-1.16'
AMDEPBACKSLASH='\'
AMDEP_FALSE='#'
AMDEP_TRUE=''
AMTAR='$${TAR-tar}'
AM_BACKSLASH='\'
AM_DEFAULT_V='$(AM_DEFAULT_VERBOSITY)'
AM_DEFAULT_VERBOSITY='1'
AM_V='$(V)'
AUTOCONF='${SHELL} '\''/Users/florentcalvayrac/mcmaster/newg/missing'\'' autoconf'
AUTOHEADER='${SHELL} '\''/Users/florentcalvayrac/mcmaster/newg/missing'\'' autoheader'
AUTOMAKE='${SHELL} '\''/Users/florentcalvayrac/mcmaster/newg/missing'\'' automake-1.16'
AWK='awk'
CC='gcc'
CCDEPMODE='depmode=gcc3'
CFLAGS='-g -O2'
CPPFLAGS=''
CSCOPE='cscope'
CTAGS='ctags'
CXX='g++ -std=gnu++11'
CXXDEPMODE='depmode=gcc3'
CXXFLAGS='-g -O2'
CYGPATH_W='echo'
DEFS='-DHAVE_CONFIG_H'
DEPDIR='.deps'
ECHO_C='\c'
ECHO_N=''
ECHO_T=''
ETAGS='etags'
EXEEXT=''
F77='gfortran'
FC='gfortran'
FCFLAGS='-g -O2'
FFLAGS='-g -O2'
GLUT_CFLAGS='-DFREEGLUT_STATIC -I/opt/homebrew/Cellar/freeglut/3.4.0/include'
GLUT_LIBS='-L/opt/homebrew/Cellar/freeglut/3.4.0/lib -lglut'
INSTALL_DATA='${INSTALL} -m 644'
INSTALL_PROGRAM='${INSTALL}'
INSTALL_SCRIPT='${INSTALL}'
INSTALL_STRIP_PROGRAM='$(install_sh) -c -s'
LDFLAGS=''
LIBOBJS=''
LIBS='-lXmu -lGL -lGLU -lglut -lm -lglut '
LTLIBOBJS=''
MAKEINFO='${SHELL} '\''/Users/florentcalvayrac/mcmaster/newg/missing'\'' makeinfo'
MKDIR_P='mkdir -p'
OBJEXT='o'
PACKAGE='lj_mc_moldyn_interactive'
PACKAGE_BUGREPORT='florent.calvayrac@univ-lemans.fr'
PACKAGE_NAME='lj_mc_moldyn_interactive'
PACKAGE_STRING='lj_mc_moldyn_interactive 1.0'
PACKAGE_TARNAME='lj_mc_moldyn_interactive'
PACKAGE_URL=''
PACKAGE_VERSION='1.0'
PATH_SEPARATOR=':'
PKG_CONFIG='/opt/homebrew/bin/pkg-config'
PKG_CONFIG_LIBDIR=''
PKG_CONFIG_PATH=''
SET_MAKE=''
SHELL='/bin/sh'
STRIP=''
VERSION='1.0'
ac_ct_CC='gcc'
ac_ct_CXX='g++'
ac_ct_F77='gfortran'
ac_ct_FC='gfortran'
am__EXEEXT_FALSE=''
am__EXEEXT_TRUE='#'
am__fastdepCC_FALSE='#'
am__fastdepCC_TRUE=''
am__fastdepCXX_FALSE='#'
am__fastdepCXX_TRUE=''
am__include='include'
am__isrc=''
am__leading_dot='.'
am__nodep='_no'
am__quote=''
am__tar='$${TAR-tar} chof - "$$tardir"'
am__untar='$${TAR-tar} xf -'
bindir='${exec_prefix}/bin'
build='aarch64-apple-darwin23.4.0'
build_alias=''
build_cpu='aarch64'
build_os='darwin23.4.0'
build_vendor='apple'
datadir='${datarootdir}'
datarootdir='${prefix}/share'
docdir='${datarootdir}/doc/${PACKAGE_TARNAME}'
dvidir='${docdir}'
exec_prefix='${prefix}'
host='aarch64-apple-darwin23.4.0'
host_alias=''
host_cpu='aarch64'
host_os='darwin23.4.0'
host_vendor='apple'
htmldir='${docdir}'
includedir='${prefix}/include'
infodir='${datarootdir}/info'
install_sh='${SHELL} /Users/florentcalvayrac/mcmaster/newg/install-sh'
libdir='${exec_prefix}/lib'
libexecdir='${exec_prefix}/libexec'
localedir='${datarootdir}/locale'
localstatedir='${prefix}/var'
mandir='${datarootdir}/man'
mkdir_p='$(MKDIR_P)'
oldincludedir='/usr/include'
pdfdir='${docdir}'
prefix='/usr/local'
program_transform_name='s,x,x,'
psdir='${docdir}'
runstatedir='${localstatedir}/run'
sbindir='${exec_prefix}/sbin'
sharedstatedir='${prefix}/com'
sysconfdir='${prefix}/etc'
target_alias=''

## ----------- ##
## confdefs.h. ##
## ----------- ##

/* confdefs.h */
#define PACKAGE_NAME "lj_mc_moldyn_interactive"
#define PACKAGE_TARNAME "lj_mc_moldyn_interactive"
#define PACKAGE_VERSION "1.0"
#define PACKAGE_STRING "lj_mc_moldyn_interactive 1.0"
#define PACKAGE_BUGREPORT "florent.calvayrac@univ-lemans.fr"
#define PACKAGE_URL ""
#define PACKAGE "lj_mc_moldyn_interactive"
#define VERSION "1.0"
#define HAVE_LIBGLUT 1
#define HAVE_LIBM 1
#define HAVE_LIBGLUT 1
#define HAVE_LIBGLU 1
#define HAVE_LIBGL 1
#define HAVE_LIBXMU 1
#define HAVE_STDIO_H 1
#define HAVE_STDLIB_H 1
#define HAVE_STRING_H 1
#define HAVE_INTTYPES_H 1
#define HAVE_STDINT_H 1
#define HAVE_STRINGS_H 1
#define HAVE_SYS_STAT_H 1
#define HAVE_SYS_TYPES_H 1
#define HAVE_UNISTD_H 1
#define STDC_HEADERS 1
#define HAVE_STDLIB_H 1
#define HAVE_STDIO_H 1
#define HAVE_MALLOC 1
#define HAVE_MEMSET 1

configure: exit 0
